<?xml version="1.0" encoding="UTF-8"?>
<!-- Generated by org.testng.reporters.JUnitReportReporter -->
<testsuite hostname="MWDH-Work2" failures="0" tests="1" name="ass1AbsoluteXPath.ChromWebDriver" time="20.009" errors="0" timestamp="2022-07-27T00:29:23 AST" skipped="0">
  <testcase classname="ass1AbsoluteXPath.ChromWebDriver" name="LearnEnglishWebSite" time="20.009"/>
  <system-out/>
</testsuite> <!-- ass1AbsoluteXPath.ChromWebDriver -->
